<?xml version="1.0" encoding="UTF-8"?>
<!-- Generated by org.testng.reporters.JUnitReportReporter -->
<testsuite hostname="MSI" failures="0" tests="10" name="TestNG.WebMathProject1" time="28.695" errors="0" timestamp="2023-02-22T13:57:05 IST" skipped="0">
  <testcase classname="TestNG.WebMathProject1" name="general" time="1.550"/>
  <system-out/>
  <testcase classname="TestNG.WebMathProject1" name="hyperlink" time="1.870"/>
  <system-out/>
  <testcase classname="TestNG.WebMathProject1" name="contactus" time="1.831"/>
  <system-out/>
  <testcase classname="TestNG.WebMathProject1" name="privacy" time="3.297"/>
  <system-out/>
  <testcase classname="TestNG.WebMathProject1" name="FAQs" time="7.081"/>
  <system-out/>
  <testcase classname="TestNG.WebMathProject1" name="Dropdown" time="4.459"/>
  <system-out/>
  <testcase classname="TestNG.WebMathProject1" name="submit" time="1.639"/>
  <system-out/>
  <testcase classname="TestNG.WebMathProject1" name="backToMath" time="1.049"/>
  <system-out/>
  <testcase classname="TestNG.WebMathProject1" name="otherstaff" time="2.169"/>
  <system-out/>
  <testcase classname="TestNG.WebMathProject1" name="Trig" time="3.750"/>
  <system-out/>
</testsuite> <!-- TestNG.WebMathProject1 -->
